Sprawdzenie podobieństwa do macierzy blokowej (Postać Jordana):

====================
---- Macierz A ----
====================
Macierz Jordana (J):
⎡-1  1   0   0   0 ⎤
⎢                  ⎥
⎢0   -1  1   0   0 ⎥
⎢                  ⎥
⎢0   0   -1  1   0 ⎥
⎢                  ⎥
⎢0   0   0   -1  1 ⎥
⎢                  ⎥
⎣0   0   0   0   -1⎦

Liczba klatek Jordana: 1

====================
---- Macierz B ----
====================
Macierz Jordana (J):
⎡-1  1   0   0   0 ⎤
⎢                  ⎥
⎢0   -1  1   0   0 ⎥
⎢                  ⎥
⎢0   0   -1  1   0 ⎥
⎢                  ⎥
⎢0   0   0   -1  0 ⎥
⎢                  ⎥
⎣0   0   0   0   -1⎦

Liczba klatek Jordana: 2

====================
---- Macierz C ----
====================
Macierz Jordana (J):
⎡-1  1   0   0   0 ⎤
⎢                  ⎥
⎢0   -1  1   0   0 ⎥
⎢                  ⎥
⎢0   0   -1  0   0 ⎥
⎢                  ⎥
⎢0   0   0   -1  1 ⎥
⎢                  ⎥
⎣0   0   0   0   -1⎦

Liczba klatek Jordana: 2

====================
---- Macierz D ----
====================
Macierz Jordana (J):
⎡-1  1   0   0   0 ⎤
⎢                  ⎥
⎢0   -1  1   0   0 ⎥
⎢                  ⎥
⎢0   0   -1  0   0 ⎥
⎢                  ⎥
⎢0   0   0   -1  0 ⎥
⎢                  ⎥
⎣0   0   0   0   -1⎦

Liczba klatek Jordana: 3

====================
---- Macierz E ----
====================
Macierz Jordana (J):
⎡-1  1   0   0   0 ⎤
⎢                  ⎥
⎢0   -1  0   0   0 ⎥
⎢                  ⎥
⎢0   0   -1  1   0 ⎥
⎢                  ⎥
⎢0   0   0   -1  0 ⎥
⎢                  ⎥
⎣0   0   0   0   -1⎦

Liczba klatek Jordana: 3

====================
---- Macierz F ----
====================
Macierz Jordana (J):
⎡-1  1   0   0   0 ⎤
⎢                  ⎥
⎢0   -1  0   0   0 ⎥
⎢                  ⎥
⎢0   0   -1  0   0 ⎥
⎢                  ⎥
⎢0   0   0   -1  0 ⎥
⎢                  ⎥
⎣0   0   0   0   -1⎦

Liczba klatek Jordana: 4

====================
---- Macierz G ----
====================
Macierz Jordana (J):
⎡-1  0   0   0   0 ⎤
⎢                  ⎥
⎢0   -1  0   0   0 ⎥
⎢                  ⎥
⎢0   0   -1  0   0 ⎥
⎢                  ⎥
⎢0   0   0   -1  0 ⎥
⎢                  ⎥
⎣0   0   0   0   -1⎦

Liczba klatek Jordana: 5
