========================= MACIERZ H =========================

1. Wartość własna λ: 2 (krotność algebraiczna: 6)
2. Ciąg wymiarów jąder d_k (od k=1): [2, 4, 6]
   Rozmiary klatek Jordana wywnioskowane z ciągu:
   -> 2 klatka/i o rozmiarze 3x3

3. Weryfikacja funkcją z systemu algebry (jordan_form):
⎡2  1  0  0  0  0⎤
⎢                ⎥
⎢0  2  1  0  0  0⎥
⎢                ⎥
⎢0  0  2  0  0  0⎥
⎢                ⎥
⎢0  0  0  2  1  0⎥
⎢                ⎥
⎢0  0  0  0  2  1⎥
⎢                ⎥
⎣0  0  0  0  0  2⎦


========================= MACIERZ K =========================

1. Wartość własna λ: 2 (krotność algebraiczna: 6)
2. Ciąg wymiarów jąder d_k (od k=1): [3, 4, 5, 6]
   Rozmiary klatek Jordana wywnioskowane z ciągu:
   -> 2 klatka/i o rozmiarze 1x1
   -> 1 klatka/i o rozmiarze 4x4

3. Weryfikacja funkcją z systemu algebry (jordan_form):
⎡2  1  0  0  0  0⎤
⎢                ⎥
⎢0  2  1  0  0  0⎥
⎢                ⎥
⎢0  0  2  1  0  0⎥
⎢                ⎥
⎢0  0  0  2  0  0⎥
⎢                ⎥
⎢0  0  0  0  2  0⎥
⎢                ⎥
⎣0  0  0  0  0  2⎦


