
Macierz przejścia P (realizująca podobieństwo):
⎡-7  -19  1  -10  -26  0⎤
⎢                       ⎥
⎢0    4   0   0    7   1⎥
⎢                       ⎥
⎢-5  -19  0  -8   -28  0⎥
⎢                       ⎥
⎢1   -1   0   1   -2   0⎥
⎢                       ⎥
⎢-7  -20  0  -10  -27  0⎥
⎢                       ⎥
⎣-7  -15  0  -10  -19  0⎦

Postać klatkowa Jordana J:
⎡2  1  0  0  0  0⎤
⎢                ⎥
⎢0  2  1  0  0  0⎥
⎢                ⎥
⎢0  0  2  0  0  0⎥
⎢                ⎥
⎢0  0  0  2  1  0⎥
⎢                ⎥
⎢0  0  0  0  2  1⎥
⎢                ⎥
⎣0  0  0  0  0  2⎦

Wynik mnożenia P * J * P^-1:
⎡-17  -26  -3  6   -3  25⎤
⎢                        ⎥
⎢ 4    9   1   -2  2   -7⎥
⎢                        ⎥
⎢-19  -28  -1  6   -5  27⎥
⎢                        ⎥
⎢-1   -2   0   2   -1  2 ⎥
⎢                        ⎥
⎢-20  -27  -3  6   -1  26⎥
⎢                        ⎥
⎣-15  -19  -2  4   -1  20⎦

Są takie same
